<?xml version="1.0" encoding="UTF-8"?>
<!-- Generated by org.testng.reporters.JUnitReportReporter -->
<testsuite hostname="Sreeshma" failures="0" tests="3" name="testcase.MyFirstTestCase" time="58.616" errors="0" timestamp="2024-04-10T16:33:53 IST" skipped="0">
  <testcase classname="testcase.MyFirstTestCase" name="Login" time="5.163"/>
  <testcase classname="testcase.MyFirstTestCase" name="Login" time="5.406"/>
  <testcase classname="testcase.MyFirstTestCase" name="Login" time="48.047"/>
</testsuite> <!-- testcase.MyFirstTestCase -->
